<?xml version="1.0" encoding="UTF-8"?>
<testng-results skipped="0" failed="2" ignored="0" total="10" passed="8">
  <reporter-output>
  </reporter-output>
  <suite name="Suite" duration-ms="381702" started-at="2021-11-30T22:21:02 IST" finished-at="2021-11-30T22:27:24 IST">
    <groups>
    </groups>
    <test name="Test" duration-ms="381702" started-at="2021-11-30T22:21:02 IST" finished-at="2021-11-30T22:27:24 IST">
      <class name="week5.day2.DeleteLeadReadExcel">
        <test-method status="PASS" signature="setup(java.lang.String,java.lang.String,java.lang.String)[pri:0, instance:week5.day2.DeleteLeadReadExcel@5123a213]" name="setup" is-config="true" duration-ms="18304" started-at="2021-11-30T22:25:56 IST" finished-at="2021-11-30T22:26:14 IST">
          <params>
            <param index="0">
              <value>
                <![CDATA[http://leaftaps.com/opentaps/]]>
              </value>
            </param>
            <param index="1">
              <value>
                <![CDATA[DemoSalesManager]]>
              </value>
            </param>
            <param index="2">
              <value>
                <![CDATA[crmsfa]]>
              </value>
            </param>
          </params>
          <reporter-output>
          </reporter-output>
        </test-method> <!-- setup -->
        <test-method status="PASS" signature="deletelead(java.lang.String)[pri:0, instance:week5.day2.DeleteLeadReadExcel@5123a213]" name="deletelead" duration-ms="23398" started-at="2021-11-30T22:26:14 IST" data-provider="sendData" finished-at="2021-11-30T22:26:37 IST">
          <params>
            <param index="0">
              <value>
                <![CDATA[99]]>
              </value>
            </param>
          </params>
          <reporter-output>
          </reporter-output>
        </test-method> <!-- deletelead -->
        <test-method status="PASS" signature="turnof()[pri:0, instance:week5.day2.DeleteLeadReadExcel@5123a213]" name="turnof" is-config="true" duration-ms="5082" started-at="2021-11-30T22:26:37 IST" finished-at="2021-11-30T22:26:43 IST">
          <reporter-output>
          </reporter-output>
        </test-method> <!-- turnof -->
        <test-method status="PASS" signature="setup(java.lang.String,java.lang.String,java.lang.String)[pri:0, instance:week5.day2.DeleteLeadReadExcel@5123a213]" name="setup" is-config="true" duration-ms="18689" started-at="2021-11-30T22:26:43 IST" finished-at="2021-11-30T22:27:01 IST">
          <params>
            <param index="0">
              <value>
                <![CDATA[http://leaftaps.com/opentaps/]]>
              </value>
            </param>
            <param index="1">
              <value>
                <![CDATA[DemoSalesManager]]>
              </value>
            </param>
            <param index="2">
              <value>
                <![CDATA[crmsfa]]>
              </value>
            </param>
          </params>
          <reporter-output>
          </reporter-output>
        </test-method> <!-- setup -->
        <test-method status="PASS" signature="deletelead(java.lang.String)[pri:0, instance:week5.day2.DeleteLeadReadExcel@5123a213]" name="deletelead" duration-ms="21220" started-at="2021-11-30T22:27:01 IST" data-provider="sendData" finished-at="2021-11-30T22:27:22 IST">
          <params>
            <param index="0">
              <value>
                <![CDATA[98]]>
              </value>
            </param>
          </params>
          <reporter-output>
          </reporter-output>
        </test-method> <!-- deletelead -->
        <test-method status="PASS" signature="turnof()[pri:0, instance:week5.day2.DeleteLeadReadExcel@5123a213]" name="turnof" is-config="true" duration-ms="1559" started-at="2021-11-30T22:27:22 IST" finished-at="2021-11-30T22:27:24 IST">
          <reporter-output>
          </reporter-output>
        </test-method> <!-- turnof -->
      </class> <!-- week5.day2.DeleteLeadReadExcel -->
      <class name="week5.day2.CreateLeadReadExcel">
        <test-method status="PASS" signature="setup(java.lang.String,java.lang.String,java.lang.String)[pri:0, instance:week5.day2.CreateLeadReadExcel@6dde5c8c]" name="setup" is-config="true" duration-ms="16192" started-at="2021-11-30T22:24:56 IST" finished-at="2021-11-30T22:25:12 IST">
          <params>
            <param index="0">
              <value>
                <![CDATA[http://leaftaps.com/opentaps/]]>
              </value>
            </param>
            <param index="1">
              <value>
                <![CDATA[DemoSalesManager]]>
              </value>
            </param>
            <param index="2">
              <value>
                <![CDATA[crmsfa]]>
              </value>
            </param>
          </params>
          <reporter-output>
          </reporter-output>
        </test-method> <!-- setup -->
        <test-method status="PASS" signature="createlead(java.lang.String,java.lang.String,java.lang.String,java.lang.String)[pri:0, instance:week5.day2.CreateLeadReadExcel@6dde5c8c]" name="createlead" duration-ms="12825" started-at="2021-11-30T22:25:12 IST" data-provider="sendData" finished-at="2021-11-30T22:25:25 IST">
          <params>
            <param index="0">
              <value>
                <![CDATA[TestLeaf]]>
              </value>
            </param>
            <param index="1">
              <value>
                <![CDATA[Hari]]>
              </value>
            </param>
            <param index="2">
              <value>
                <![CDATA[R]]>
              </value>
            </param>
            <param index="3">
              <value>
                <![CDATA[99]]>
              </value>
            </param>
          </params>
          <reporter-output>
          </reporter-output>
        </test-method> <!-- createlead -->
        <test-method status="PASS" signature="turnof()[pri:0, instance:week5.day2.CreateLeadReadExcel@6dde5c8c]" name="turnof" is-config="true" duration-ms="1006" started-at="2021-11-30T22:25:25 IST" finished-at="2021-11-30T22:25:26 IST">
          <reporter-output>
          </reporter-output>
        </test-method> <!-- turnof -->
        <test-method status="PASS" signature="setup(java.lang.String,java.lang.String,java.lang.String)[pri:0, instance:week5.day2.CreateLeadReadExcel@6dde5c8c]" name="setup" is-config="true" duration-ms="15567" started-at="2021-11-30T22:25:26 IST" finished-at="2021-11-30T22:25:42 IST">
          <params>
            <param index="0">
              <value>
                <![CDATA[http://leaftaps.com/opentaps/]]>
              </value>
            </param>
            <param index="1">
              <value>
                <![CDATA[DemoSalesManager]]>
              </value>
            </param>
            <param index="2">
              <value>
                <![CDATA[crmsfa]]>
              </value>
            </param>
          </params>
          <reporter-output>
          </reporter-output>
        </test-method> <!-- setup -->
        <test-method status="PASS" signature="createlead(java.lang.String,java.lang.String,java.lang.String,java.lang.String)[pri:0, instance:week5.day2.CreateLeadReadExcel@6dde5c8c]" name="createlead" duration-ms="8645" started-at="2021-11-30T22:25:42 IST" data-provider="sendData" finished-at="2021-11-30T22:25:50 IST">
          <params>
            <param index="0">
              <value>
                <![CDATA[Qeagle]]>
              </value>
            </param>
            <param index="1">
              <value>
                <![CDATA[Babu]]>
              </value>
            </param>
            <param index="2">
              <value>
                <![CDATA[M]]>
              </value>
            </param>
            <param index="3">
              <value>
                <![CDATA[98]]>
              </value>
            </param>
          </params>
          <reporter-output>
          </reporter-output>
        </test-method> <!-- createlead -->
        <test-method status="PASS" signature="turnof()[pri:0, instance:week5.day2.CreateLeadReadExcel@6dde5c8c]" name="turnof" is-config="true" duration-ms="5054" started-at="2021-11-30T22:25:50 IST" finished-at="2021-11-30T22:25:55 IST">
          <reporter-output>
          </reporter-output>
        </test-method> <!-- turnof -->
      </class> <!-- week5.day2.CreateLeadReadExcel -->
      <class name="week5.day2.DuplicateLeadReadExcel">
        <test-method status="PASS" signature="setup(java.lang.String,java.lang.String,java.lang.String)[pri:0, instance:week5.day2.DuplicateLeadReadExcel@6fb0d3ed]" name="setup" is-config="true" duration-ms="16037" started-at="2021-11-30T22:23:35 IST" finished-at="2021-11-30T22:23:51 IST">
          <params>
            <param index="0">
              <value>
                <![CDATA[http://leaftaps.com/opentaps/]]>
              </value>
            </param>
            <param index="1">
              <value>
                <![CDATA[DemoSalesManager]]>
              </value>
            </param>
            <param index="2">
              <value>
                <![CDATA[crmsfa]]>
              </value>
            </param>
          </params>
          <reporter-output>
          </reporter-output>
        </test-method> <!-- setup -->
        <test-method status="PASS" signature="dupliatelead(java.lang.String)[pri:0, instance:week5.day2.DuplicateLeadReadExcel@6fb0d3ed]" name="dupliatelead" duration-ms="19909" started-at="2021-11-30T22:23:51 IST" data-provider="sendData" finished-at="2021-11-30T22:24:11 IST">
          <params>
            <param index="0">
              <value>
                <![CDATA[99]]>
              </value>
            </param>
          </params>
          <reporter-output>
          </reporter-output>
        </test-method> <!-- dupliatelead -->
        <test-method status="PASS" signature="turnof()[pri:0, instance:week5.day2.DuplicateLeadReadExcel@6fb0d3ed]" name="turnof" is-config="true" duration-ms="7616" started-at="2021-11-30T22:24:11 IST" finished-at="2021-11-30T22:24:19 IST">
          <reporter-output>
          </reporter-output>
        </test-method> <!-- turnof -->
        <test-method status="PASS" signature="setup(java.lang.String,java.lang.String,java.lang.String)[pri:0, instance:week5.day2.DuplicateLeadReadExcel@6fb0d3ed]" name="setup" is-config="true" duration-ms="17156" started-at="2021-11-30T22:24:19 IST" finished-at="2021-11-30T22:24:36 IST">
          <params>
            <param index="0">
              <value>
                <![CDATA[http://leaftaps.com/opentaps/]]>
              </value>
            </param>
            <param index="1">
              <value>
                <![CDATA[DemoSalesManager]]>
              </value>
            </param>
            <param index="2">
              <value>
                <![CDATA[crmsfa]]>
              </value>
            </param>
          </params>
          <reporter-output>
          </reporter-output>
        </test-method> <!-- setup -->
        <test-method status="PASS" signature="dupliatelead(java.lang.String)[pri:0, instance:week5.day2.DuplicateLeadReadExcel@6fb0d3ed]" name="dupliatelead" duration-ms="18653" started-at="2021-11-30T22:24:36 IST" data-provider="sendData" finished-at="2021-11-30T22:24:55 IST">
          <params>
            <param index="0">
              <value>
                <![CDATA[98]]>
              </value>
            </param>
          </params>
          <reporter-output>
          </reporter-output>
        </test-method> <!-- dupliatelead -->
        <test-method status="PASS" signature="turnof()[pri:0, instance:week5.day2.DuplicateLeadReadExcel@6fb0d3ed]" name="turnof" is-config="true" duration-ms="1079" started-at="2021-11-30T22:24:55 IST" finished-at="2021-11-30T22:24:56 IST">
          <reporter-output>
          </reporter-output>
        </test-method> <!-- turnof -->
      </class> <!-- week5.day2.DuplicateLeadReadExcel -->
      <class name="week5.day2.EditLeadReadExcel">
        <test-method status="PASS" signature="setup(java.lang.String,java.lang.String,java.lang.String)[pri:0, instance:week5.day2.EditLeadReadExcel@4524411f]" name="setup" is-config="true" duration-ms="31524" started-at="2021-11-30T22:21:05 IST" finished-at="2021-11-30T22:21:37 IST">
          <params>
            <param index="0">
              <value>
                <![CDATA[http://leaftaps.com/opentaps/]]>
              </value>
            </param>
            <param index="1">
              <value>
                <![CDATA[DemoSalesManager]]>
              </value>
            </param>
            <param index="2">
              <value>
                <![CDATA[crmsfa]]>
              </value>
            </param>
          </params>
          <reporter-output>
          </reporter-output>
        </test-method> <!-- setup -->
        <test-method status="PASS" signature="editlead(java.lang.String,java.lang.String)[pri:0, instance:week5.day2.EditLeadReadExcel@4524411f]" name="editlead" duration-ms="20277" started-at="2021-11-30T22:21:37 IST" data-provider="sendData" finished-at="2021-11-30T22:21:57 IST">
          <params>
            <param index="0">
              <value>
                <![CDATA[TestLeaf]]>
              </value>
            </param>
            <param index="1">
              <value>
                <![CDATA[99]]>
              </value>
            </param>
          </params>
          <reporter-output>
          </reporter-output>
        </test-method> <!-- editlead -->
        <test-method status="PASS" signature="turnof()[pri:0, instance:week5.day2.EditLeadReadExcel@4524411f]" name="turnof" is-config="true" duration-ms="1422" started-at="2021-11-30T22:21:57 IST" finished-at="2021-11-30T22:21:59 IST">
          <reporter-output>
          </reporter-output>
        </test-method> <!-- turnof -->
        <test-method status="PASS" signature="setup(java.lang.String,java.lang.String,java.lang.String)[pri:0, instance:week5.day2.EditLeadReadExcel@4524411f]" name="setup" is-config="true" duration-ms="19004" started-at="2021-11-30T22:21:59 IST" finished-at="2021-11-30T22:22:18 IST">
          <params>
            <param index="0">
              <value>
                <![CDATA[http://leaftaps.com/opentaps/]]>
              </value>
            </param>
            <param index="1">
              <value>
                <![CDATA[DemoSalesManager]]>
              </value>
            </param>
            <param index="2">
              <value>
                <![CDATA[crmsfa]]>
              </value>
            </param>
          </params>
          <reporter-output>
          </reporter-output>
        </test-method> <!-- setup -->
        <test-method status="PASS" signature="editlead(java.lang.String,java.lang.String)[pri:0, instance:week5.day2.EditLeadReadExcel@4524411f]" name="editlead" duration-ms="16766" started-at="2021-11-30T22:22:18 IST" data-provider="sendData" finished-at="2021-11-30T22:22:34 IST">
          <params>
            <param index="0">
              <value>
                <![CDATA[Qeagle]]>
              </value>
            </param>
            <param index="1">
              <value>
                <![CDATA[98]]>
              </value>
            </param>
          </params>
          <reporter-output>
          </reporter-output>
        </test-method> <!-- editlead -->
        <test-method status="PASS" signature="turnof()[pri:0, instance:week5.day2.EditLeadReadExcel@4524411f]" name="turnof" is-config="true" duration-ms="5318" started-at="2021-11-30T22:22:34 IST" finished-at="2021-11-30T22:22:40 IST">
          <reporter-output>
          </reporter-output>
        </test-method> <!-- turnof -->
      </class> <!-- week5.day2.EditLeadReadExcel -->
      <class name="week5.day2.MergeLeadReadExcel">
        <test-method status="PASS" signature="setup(java.lang.String,java.lang.String,java.lang.String)[pri:0, instance:week5.day2.MergeLeadReadExcel@fe18270]" name="setup" is-config="true" duration-ms="15765" started-at="2021-11-30T22:22:40 IST" finished-at="2021-11-30T22:22:56 IST">
          <params>
            <param index="0">
              <value>
                <![CDATA[http://leaftaps.com/opentaps/]]>
              </value>
            </param>
            <param index="1">
              <value>
                <![CDATA[DemoSalesManager]]>
              </value>
            </param>
            <param index="2">
              <value>
                <![CDATA[crmsfa]]>
              </value>
            </param>
          </params>
          <reporter-output>
          </reporter-output>
        </test-method> <!-- setup -->
        <test-method status="FAIL" signature="mergelead(java.lang.String,java.lang.String)[pri:0, instance:week5.day2.MergeLeadReadExcel@fe18270]" name="mergelead" duration-ms="5461" started-at="2021-11-30T22:22:56 IST" data-provider="sendData" finished-at="2021-11-30T22:23:02 IST">
          <params>
            <param index="0">
              <value>
                <![CDATA[Hari]]>
              </value>
            </param>
            <param index="1">
              <value>
                <![CDATA[Babu]]>
              </value>
            </param>
          </params>
          <exception class="org.openqa.selenium.NoSuchElementException">
            <message>
              <![CDATA[no such element: Unable to locate element: {"method":"xpath","selector":"//img[@alt='Lookup']"}
  (Session info: chrome=96.0.4664.45)
For documentation on this error, please visit: https://selenium.dev/exceptions/#no_such_element
Build info: version: '4.0.0-beta-4', revision: '29f46d02dd'
System info: host: 'LAPTOP-PHFEV601', ip: '192.168.1.5', os.name: 'Windows 10', os.arch: 'amd64', os.version: '10.0', java.version: '1.8.0_271'
Driver info: org.openqa.selenium.chrome.ChromeDriver
Command: [c43fdf7b857c92c052d5177e85775afc, findElement {using=xpath, value=//img[@alt='Lookup']}]
Capabilities {acceptInsecureCerts: false, browserName: chrome, browserVersion: 96.0.4664.45, chrome: {chromedriverVersion: 96.0.4664.45 (76e4c1bb2ab46..., userDataDir: C:\Users\bhuvika\AppData\Lo...}, goog:chromeOptions: {debuggerAddress: localhost:56138}, javascriptEnabled: true, networkConnectionEnabled: false, pageLoadStrategy: normal, platform: WINDOWS, platformName: WINDOWS, proxy: Proxy(), se:cdp: ws://localhost:56138/devtoo..., se:cdpVersion: 96.0.4664.45, setWindowRect: true, strictFileInteractability: false, timeouts: {implicit: 0, pageLoad: 300000, script: 30000}, unhandledPromptBehavior: dismiss and notify, webauthn:extension:credBlob: true, webauthn:extension:largeBlob: true, webauthn:virtualAuthenticators: true}
Session ID: c43fdf7b857c92c052d5177e85775afc]]>
            </message>
            <full-stacktrace>
              <![CDATA[org.openqa.selenium.NoSuchElementException: no such element: Unable to locate element: {"method":"xpath","selector":"//img[@alt='Lookup']"}
  (Session info: chrome=96.0.4664.45)
For documentation on this error, please visit: https://selenium.dev/exceptions/#no_such_element
Build info: version: '4.0.0-beta-4', revision: '29f46d02dd'
System info: host: 'LAPTOP-PHFEV601', ip: '192.168.1.5', os.name: 'Windows 10', os.arch: 'amd64', os.version: '10.0', java.version: '1.8.0_271'
Driver info: org.openqa.selenium.chrome.ChromeDriver
Command: [c43fdf7b857c92c052d5177e85775afc, findElement {using=xpath, value=//img[@alt='Lookup']}]
Capabilities {acceptInsecureCerts: false, browserName: chrome, browserVersion: 96.0.4664.45, chrome: {chromedriverVersion: 96.0.4664.45 (76e4c1bb2ab46..., userDataDir: C:\Users\bhuvika\AppData\Lo...}, goog:chromeOptions: {debuggerAddress: localhost:56138}, javascriptEnabled: true, networkConnectionEnabled: false, pageLoadStrategy: normal, platform: WINDOWS, platformName: WINDOWS, proxy: Proxy(), se:cdp: ws://localhost:56138/devtoo..., se:cdpVersion: 96.0.4664.45, setWindowRect: true, strictFileInteractability: false, timeouts: {implicit: 0, pageLoad: 300000, script: 30000}, unhandledPromptBehavior: dismiss and notify, webauthn:extension:credBlob: true, webauthn:extension:largeBlob: true, webauthn:virtualAuthenticators: true}
Session ID: c43fdf7b857c92c052d5177e85775afc
at sun.reflect.NativeConstructorAccessorImpl.newInstance0(Native Method)
at sun.reflect.NativeConstructorAccessorImpl.newInstance(NativeConstructorAccessorImpl.java:62)
at sun.reflect.DelegatingConstructorAccessorImpl.newInstance(DelegatingConstructorAccessorImpl.java:45)
at java.lang.reflect.Constructor.newInstance(Constructor.java:423)
at org.openqa.selenium.remote.codec.w3c.W3CHttpResponseCodec.createException(W3CHttpResponseCodec.java:200)
at org.openqa.selenium.remote.codec.w3c.W3CHttpResponseCodec.decode(W3CHttpResponseCodec.java:133)
at org.openqa.selenium.remote.codec.w3c.W3CHttpResponseCodec.decode(W3CHttpResponseCodec.java:53)
at org.openqa.selenium.remote.HttpCommandExecutor.execute(HttpCommandExecutor.java:184)
at org.openqa.selenium.remote.service.DriverCommandExecutor.invokeExecute(DriverCommandExecutor.java:162)
at org.openqa.selenium.remote.service.DriverCommandExecutor.execute(DriverCommandExecutor.java:137)
at org.openqa.selenium.remote.RemoteWebDriver.execute(RemoteWebDriver.java:612)
at org.openqa.selenium.remote.RemoteWebDriver$Mechanism$2.findElement(RemoteWebDriver.java:1251)
at org.openqa.selenium.remote.RemoteWebDriver.findElement(RemoteWebDriver.java:379)
at org.openqa.selenium.remote.RemoteWebDriver.findElement(RemoteWebDriver.java:373)
at week5.day2.MergeLeadReadExcel.mergelead(MergeLeadReadExcel.java:17)
at sun.reflect.NativeMethodAccessorImpl.invoke0(Native Method)
at sun.reflect.NativeMethodAccessorImpl.invoke(NativeMethodAccessorImpl.java:62)
at sun.reflect.DelegatingMethodAccessorImpl.invoke(DelegatingMethodAccessorImpl.java:43)
at java.lang.reflect.Method.invoke(Method.java:498)
at org.testng.internal.MethodInvocationHelper.invokeMethod(MethodInvocationHelper.java:133)
at org.testng.internal.TestInvoker.invokeMethod(TestInvoker.java:598)
at org.testng.internal.TestInvoker.invokeTestMethod(TestInvoker.java:173)
at org.testng.internal.MethodRunner.runInSequence(MethodRunner.java:46)
at org.testng.internal.TestInvoker$MethodInvocationAgent.invoke(TestInvoker.java:824)
at org.testng.internal.TestInvoker.invokeTestMethods(TestInvoker.java:146)
at org.testng.internal.TestMethodWorker.invokeTestMethods(TestMethodWorker.java:146)
at org.testng.internal.TestMethodWorker.run(TestMethodWorker.java:128)
at java.util.ArrayList.forEach(ArrayList.java:1259)
at org.testng.TestRunner.privateRun(TestRunner.java:794)
at org.testng.TestRunner.run(TestRunner.java:596)
at org.testng.SuiteRunner.runTest(SuiteRunner.java:377)
at org.testng.SuiteRunner.runSequentially(SuiteRunner.java:371)
at org.testng.SuiteRunner.privateRun(SuiteRunner.java:332)
at org.testng.SuiteRunner.run(SuiteRunner.java:276)
at org.testng.SuiteRunnerWorker.runSuite(SuiteRunnerWorker.java:53)
at org.testng.SuiteRunnerWorker.run(SuiteRunnerWorker.java:96)
at org.testng.TestNG.runSuitesSequentially(TestNG.java:1212)
at org.testng.TestNG.runSuitesLocally(TestNG.java:1134)
at org.testng.TestNG.runSuites(TestNG.java:1063)
at org.testng.TestNG.run(TestNG.java:1031)
at org.testng.remote.AbstractRemoteTestNG.run(AbstractRemoteTestNG.java:115)
at org.testng.remote.RemoteTestNG.initAndRun(RemoteTestNG.java:251)
at org.testng.remote.RemoteTestNG.main(RemoteTestNG.java:77)
]]>
            </full-stacktrace>
          </exception> <!-- org.openqa.selenium.NoSuchElementException -->
          <reporter-output>
          </reporter-output>
        </test-method> <!-- mergelead -->
        <test-method status="PASS" signature="turnof()[pri:0, instance:week5.day2.MergeLeadReadExcel@fe18270]" name="turnof" is-config="true" duration-ms="5452" started-at="2021-11-30T22:23:02 IST" finished-at="2021-11-30T22:23:07 IST">
          <reporter-output>
          </reporter-output>
        </test-method> <!-- turnof -->
        <test-method status="PASS" signature="setup(java.lang.String,java.lang.String,java.lang.String)[pri:0, instance:week5.day2.MergeLeadReadExcel@fe18270]" name="setup" is-config="true" duration-ms="17656" started-at="2021-11-30T22:23:07 IST" finished-at="2021-11-30T22:23:25 IST">
          <params>
            <param index="0">
              <value>
                <![CDATA[http://leaftaps.com/opentaps/]]>
              </value>
            </param>
            <param index="1">
              <value>
                <![CDATA[DemoSalesManager]]>
              </value>
            </param>
            <param index="2">
              <value>
                <![CDATA[crmsfa]]>
              </value>
            </param>
          </params>
          <reporter-output>
          </reporter-output>
        </test-method> <!-- setup -->
        <test-method status="FAIL" signature="mergelead(java.lang.String,java.lang.String)[pri:0, instance:week5.day2.MergeLeadReadExcel@fe18270]" name="mergelead" duration-ms="5250" started-at="2021-11-30T22:23:25 IST" data-provider="sendData" finished-at="2021-11-30T22:23:30 IST">
          <params>
            <param index="0">
              <value>
                <![CDATA[Arvind]]>
              </value>
            </param>
            <param index="1">
              <value>
                <![CDATA[Prince]]>
              </value>
            </param>
          </params>
          <exception class="org.openqa.selenium.NoSuchElementException">
            <message>
              <![CDATA[no such element: Unable to locate element: {"method":"xpath","selector":"//img[@alt='Lookup']"}
  (Session info: chrome=96.0.4664.45)
For documentation on this error, please visit: https://selenium.dev/exceptions/#no_such_element
Build info: version: '4.0.0-beta-4', revision: '29f46d02dd'
System info: host: 'LAPTOP-PHFEV601', ip: '192.168.1.5', os.name: 'Windows 10', os.arch: 'amd64', os.version: '10.0', java.version: '1.8.0_271'
Driver info: org.openqa.selenium.chrome.ChromeDriver
Command: [4af84a11a3e42488e8a4a300b93c24e2, findElement {using=xpath, value=//img[@alt='Lookup']}]
Capabilities {acceptInsecureCerts: false, browserName: chrome, browserVersion: 96.0.4664.45, chrome: {chromedriverVersion: 96.0.4664.45 (76e4c1bb2ab46..., userDataDir: C:\Users\bhuvika\AppData\Lo...}, goog:chromeOptions: {debuggerAddress: localhost:56180}, javascriptEnabled: true, networkConnectionEnabled: false, pageLoadStrategy: normal, platform: WINDOWS, platformName: WINDOWS, proxy: Proxy(), se:cdp: ws://localhost:56180/devtoo..., se:cdpVersion: 96.0.4664.45, setWindowRect: true, strictFileInteractability: false, timeouts: {implicit: 0, pageLoad: 300000, script: 30000}, unhandledPromptBehavior: dismiss and notify, webauthn:extension:credBlob: true, webauthn:extension:largeBlob: true, webauthn:virtualAuthenticators: true}
Session ID: 4af84a11a3e42488e8a4a300b93c24e2]]>
            </message>
            <full-stacktrace>
              <![CDATA[org.openqa.selenium.NoSuchElementException: no such element: Unable to locate element: {"method":"xpath","selector":"//img[@alt='Lookup']"}
  (Session info: chrome=96.0.4664.45)
For documentation on this error, please visit: https://selenium.dev/exceptions/#no_such_element
Build info: version: '4.0.0-beta-4', revision: '29f46d02dd'
System info: host: 'LAPTOP-PHFEV601', ip: '192.168.1.5', os.name: 'Windows 10', os.arch: 'amd64', os.version: '10.0', java.version: '1.8.0_271'
Driver info: org.openqa.selenium.chrome.ChromeDriver
Command: [4af84a11a3e42488e8a4a300b93c24e2, findElement {using=xpath, value=//img[@alt='Lookup']}]
Capabilities {acceptInsecureCerts: false, browserName: chrome, browserVersion: 96.0.4664.45, chrome: {chromedriverVersion: 96.0.4664.45 (76e4c1bb2ab46..., userDataDir: C:\Users\bhuvika\AppData\Lo...}, goog:chromeOptions: {debuggerAddress: localhost:56180}, javascriptEnabled: true, networkConnectionEnabled: false, pageLoadStrategy: normal, platform: WINDOWS, platformName: WINDOWS, proxy: Proxy(), se:cdp: ws://localhost:56180/devtoo..., se:cdpVersion: 96.0.4664.45, setWindowRect: true, strictFileInteractability: false, timeouts: {implicit: 0, pageLoad: 300000, script: 30000}, unhandledPromptBehavior: dismiss and notify, webauthn:extension:credBlob: true, webauthn:extension:largeBlob: true, webauthn:virtualAuthenticators: true}
Session ID: 4af84a11a3e42488e8a4a300b93c24e2
at sun.reflect.NativeConstructorAccessorImpl.newInstance0(Native Method)
at sun.reflect.NativeConstructorAccessorImpl.newInstance(NativeConstructorAccessorImpl.java:62)
at sun.reflect.DelegatingConstructorAccessorImpl.newInstance(DelegatingConstructorAccessorImpl.java:45)
at java.lang.reflect.Constructor.newInstance(Constructor.java:423)
at org.openqa.selenium.remote.codec.w3c.W3CHttpResponseCodec.createException(W3CHttpResponseCodec.java:200)
at org.openqa.selenium.remote.codec.w3c.W3CHttpResponseCodec.decode(W3CHttpResponseCodec.java:133)
at org.openqa.selenium.remote.codec.w3c.W3CHttpResponseCodec.decode(W3CHttpResponseCodec.java:53)
at org.openqa.selenium.remote.HttpCommandExecutor.execute(HttpCommandExecutor.java:184)
at org.openqa.selenium.remote.service.DriverCommandExecutor.invokeExecute(DriverCommandExecutor.java:162)
at org.openqa.selenium.remote.service.DriverCommandExecutor.execute(DriverCommandExecutor.java:137)
at org.openqa.selenium.remote.RemoteWebDriver.execute(RemoteWebDriver.java:612)
at org.openqa.selenium.remote.RemoteWebDriver$Mechanism$2.findElement(RemoteWebDriver.java:1251)
at org.openqa.selenium.remote.RemoteWebDriver.findElement(RemoteWebDriver.java:379)
at org.openqa.selenium.remote.RemoteWebDriver.findElement(RemoteWebDriver.java:373)
at week5.day2.MergeLeadReadExcel.mergelead(MergeLeadReadExcel.java:17)
at sun.reflect.NativeMethodAccessorImpl.invoke0(Native Method)
at sun.reflect.NativeMethodAccessorImpl.invoke(NativeMethodAccessorImpl.java:62)
at sun.reflect.DelegatingMethodAccessorImpl.invoke(DelegatingMethodAccessorImpl.java:43)
at java.lang.reflect.Method.invoke(Method.java:498)
at org.testng.internal.MethodInvocationHelper.invokeMethod(MethodInvocationHelper.java:133)
at org.testng.internal.TestInvoker.invokeMethod(TestInvoker.java:598)
at org.testng.internal.TestInvoker.invokeTestMethod(TestInvoker.java:173)
at org.testng.internal.MethodRunner.runInSequence(MethodRunner.java:46)
at org.testng.internal.TestInvoker$MethodInvocationAgent.invoke(TestInvoker.java:824)
at org.testng.internal.TestInvoker.invokeTestMethods(TestInvoker.java:146)
at org.testng.internal.TestMethodWorker.invokeTestMethods(TestMethodWorker.java:146)
at org.testng.internal.TestMethodWorker.run(TestMethodWorker.java:128)
at java.util.ArrayList.forEach(ArrayList.java:1259)
at org.testng.TestRunner.privateRun(TestRunner.java:794)
at org.testng.TestRunner.run(TestRunner.java:596)
at org.testng.SuiteRunner.runTest(SuiteRunner.java:377)
at org.testng.SuiteRunner.runSequentially(SuiteRunner.java:371)
at org.testng.SuiteRunner.privateRun(SuiteRunner.java:332)
at org.testng.SuiteRunner.run(SuiteRunner.java:276)
at org.testng.SuiteRunnerWorker.runSuite(SuiteRunnerWorker.java:53)
at org.testng.SuiteRunnerWorker.run(SuiteRunnerWorker.java:96)
at org.testng.TestNG.runSuitesSequentially(TestNG.java:1212)
at org.testng.TestNG.runSuitesLocally(TestNG.java:1134)
at org.testng.TestNG.runSuites(TestNG.java:1063)
at org.testng.TestNG.run(TestNG.java:1031)
at org.testng.remote.AbstractRemoteTestNG.run(AbstractRemoteTestNG.java:115)
at org.testng.remote.RemoteTestNG.initAndRun(RemoteTestNG.java:251)
at org.testng.remote.RemoteTestNG.main(RemoteTestNG.java:77)
]]>
            </full-stacktrace>
          </exception> <!-- org.openqa.selenium.NoSuchElementException -->
          <reporter-output>
          </reporter-output>
        </test-method> <!-- mergelead -->
        <test-method status="PASS" signature="turnof()[pri:0, instance:week5.day2.MergeLeadReadExcel@fe18270]" name="turnof" is-config="true" duration-ms="5079" started-at="2021-11-30T22:23:30 IST" finished-at="2021-11-30T22:23:35 IST">
          <reporter-output>
          </reporter-output>
        </test-method> <!-- turnof -->
      </class> <!-- week5.day2.MergeLeadReadExcel -->
    </test> <!-- Test -->
  </suite> <!-- Suite -->
</testng-results>
